2017-03-22 11:25:20,238 - Loaded default TestExecutionListener class names from location [META-INF/spring.factories]: [org.springframework.test.context.web.ServletTestExecutionListener, org.springframework.test.context.support.DirtiesContextBeforeModesTestExecutionListener, org.springframework.test.context.support.DependencyInjectionTestExecutionListener, org.springframework.test.context.support.DirtiesContextTestExecutionListener, org.springframework.test.context.transaction.TransactionalTestExecutionListener, org.springframework.test.context.jdbc.SqlScriptsTestExecutionListener]
 2017-03-22 11:25:20,265 - Using TestExecutionListeners: [org.springframework.test.context.web.ServletTestExecutionListener@185d8b6, org.springframework.test.context.support.DirtiesContextBeforeModesTestExecutionListener@67784306, org.springframework.test.context.support.DependencyInjectionTestExecutionListener@335eadca, org.springframework.test.context.support.DirtiesContextTestExecutionListener@210366b4, org.springframework.test.context.transaction.TransactionalTestExecutionListener@eec5a4a, org.springframework.test.context.jdbc.SqlScriptsTestExecutionListener@2b2948e2]
 2017-03-22 11:25:20,486 - Loading XML bean definitions from class path resource [spring-context.xml]
 2017-03-22 11:25:21,672 - Refreshing org.springframework.context.support.GenericApplicationContext@2d8f65a4: startup date [Wed Mar 22 11:25:21 CST 2017]; root of context hierarchy
 2017-03-22 11:25:22,216 - Loading properties file from class path resource [shopos.properties]
 2017-03-22 11:25:22,229 - Loading properties file from class path resource [shopos.properties]
 2017-03-22 11:25:23,806 - {dataSource-1} inited
 2017-03-22 11:25:25,697 - Closing org.springframework.context.support.GenericApplicationContext@2d8f65a4: startup date [Wed Mar 22 11:25:21 CST 2017]; root of context hierarchy
 2017-03-22 11:25:25,705 - {dataSource-1} closed
 2017-03-22 11:25:56,380 - Loaded default TestExecutionListener class names from location [META-INF/spring.factories]: [org.springframework.test.context.web.ServletTestExecutionListener, org.springframework.test.context.support.DirtiesContextBeforeModesTestExecutionListener, org.springframework.test.context.support.DependencyInjectionTestExecutionListener, org.springframework.test.context.support.DirtiesContextTestExecutionListener, org.springframework.test.context.transaction.TransactionalTestExecutionListener, org.springframework.test.context.jdbc.SqlScriptsTestExecutionListener]
 2017-03-22 11:25:56,399 - Using TestExecutionListeners: [org.springframework.test.context.web.ServletTestExecutionListener@185d8b6, org.springframework.test.context.support.DirtiesContextBeforeModesTestExecutionListener@67784306, org.springframework.test.context.support.DependencyInjectionTestExecutionListener@335eadca, org.springframework.test.context.support.DirtiesContextTestExecutionListener@210366b4, org.springframework.test.context.transaction.TransactionalTestExecutionListener@eec5a4a, org.springframework.test.context.jdbc.SqlScriptsTestExecutionListener@2b2948e2]
 2017-03-22 11:25:56,650 - Loading XML bean definitions from class path resource [spring-context.xml]
 2017-03-22 11:25:57,458 - Refreshing org.springframework.context.support.GenericApplicationContext@2d8f65a4: startup date [Wed Mar 22 11:25:57 CST 2017]; root of context hierarchy
 2017-03-22 11:25:57,896 - Loading properties file from class path resource [shopos.properties]
 2017-03-22 11:25:57,906 - Loading properties file from class path resource [shopos.properties]
 2017-03-22 11:25:59,788 - {dataSource-1} inited
 2017-03-22 11:26:01,290 - Closing org.springframework.context.support.GenericApplicationContext@2d8f65a4: startup date [Wed Mar 22 11:25:57 CST 2017]; root of context hierarchy
 2017-03-22 11:26:01,307 - {dataSource-1} closed
 2017-03-22 17:00:02,557 - Loaded default TestExecutionListener class names from location [META-INF/spring.factories]: [org.springframework.test.context.web.ServletTestExecutionListener, org.springframework.test.context.support.DirtiesContextBeforeModesTestExecutionListener, org.springframework.test.context.support.DependencyInjectionTestExecutionListener, org.springframework.test.context.support.DirtiesContextTestExecutionListener, org.springframework.test.context.transaction.TransactionalTestExecutionListener, org.springframework.test.context.jdbc.SqlScriptsTestExecutionListener]
 2017-03-22 17:00:02,635 - Using TestExecutionListeners: [org.springframework.test.context.web.ServletTestExecutionListener@67784306, org.springframework.test.context.support.DirtiesContextBeforeModesTestExecutionListener@335eadca, org.springframework.test.context.support.DependencyInjectionTestExecutionListener@210366b4, org.springframework.test.context.support.DirtiesContextTestExecutionListener@eec5a4a, org.springframework.test.context.transaction.TransactionalTestExecutionListener@2b2948e2, org.springframework.test.context.jdbc.SqlScriptsTestExecutionListener@6ddf90b0]
 2017-03-22 17:00:03,018 - Loading XML bean definitions from class path resource [spring-context.xml]
 2017-03-22 17:00:03,998 - Refreshing org.springframework.context.support.GenericApplicationContext@1b68ddbd: startup date [Wed Mar 22 17:00:03 CST 2017]; root of context hierarchy
 2017-03-22 17:00:04,560 - Loading properties file from class path resource [shopos.properties]
 2017-03-22 17:00:04,573 - Loading properties file from class path resource [shopos.properties]
 2017-03-22 17:00:06,933 - {dataSource-1} inited
 2017-03-22 17:00:08,931 - Caught exception while allowing TestExecutionListener [org.springframework.test.context.support.DependencyInjectionTestExecutionListener@210366b4] to prepare test instance [com.wuliangit.shopos.service.MemberServiceTest@8ad6665]
 org.springframework.beans.factory.UnsatisfiedDependencyException: Error creating bean with name 'com.wuliangit.shopos.service.MemberServiceTest': Unsatisfied dependency expressed through field 'yxsmsSender': No qualifying bean of type [com.wuliangit.shopos.core.sms.YXSMSSender] found for dependency [com.wuliangit.shopos.core.sms.YXSMSSender]: expected at least 1 bean which qualifies as autowire candidate for this dependency. Dependency annotations: {@org.springframework.beans.factory.annotation.Autowired(required=true)}; nested exception is org.springframework.beans.factory.NoSuchBeanDefinitionException: No qualifying bean of type [com.wuliangit.shopos.core.sms.YXSMSSender] found for dependency [com.wuliangit.shopos.core.sms.YXSMSSender]: expected at least 1 bean which qualifies as autowire candidate for this dependency. Dependency annotations: {@org.springframework.beans.factory.annotation.Autowired(required=true)}
	at org.springframework.beans.factory.annotation.AutowiredAnnotationBeanPostProcessor$AutowiredFieldElement.inject(AutowiredAnnotationBeanPostProcessor.java:569)
	at org.springframework.beans.factory.annotation.InjectionMetadata.inject(InjectionMetadata.java:88)
	at org.springframework.beans.factory.annotation.AutowiredAnnotationBeanPostProcessor.postProcessPropertyValues(AutowiredAnnotationBeanPostProcessor.java:349)
	at org.springframework.beans.factory.support.AbstractAutowireCapableBeanFactory.populateBean(AbstractAutowireCapableBeanFactory.java:1214)
	at org.springframework.beans.factory.support.AbstractAutowireCapableBeanFactory.autowireBeanProperties(AbstractAutowireCapableBeanFactory.java:385)
	at org.springframework.test.context.support.DependencyInjectionTestExecutionListener.injectDependencies(DependencyInjectionTestExecutionListener.java:118)
	at org.springframework.test.context.support.DependencyInjectionTestExecutionListener.prepareTestInstance(DependencyInjectionTestExecutionListener.java:83)
	at org.springframework.test.context.TestContextManager.prepareTestInstance(TestContextManager.java:230)
	at org.springframework.test.context.junit4.SpringJUnit4ClassRunner.createTest(SpringJUnit4ClassRunner.java:228)
	at org.springframework.test.context.junit4.SpringJUnit4ClassRunner$1.runReflectiveCall(SpringJUnit4ClassRunner.java:287)
	at org.junit.internal.runners.model.ReflectiveCallable.run(ReflectiveCallable.java:12)
	at org.springframework.test.context.junit4.SpringJUnit4ClassRunner.methodBlock(SpringJUnit4ClassRunner.java:289)
	at org.springframework.test.context.junit4.SpringJUnit4ClassRunner.runChild(SpringJUnit4ClassRunner.java:247)
	at org.springframework.test.context.junit4.SpringJUnit4ClassRunner.runChild(SpringJUnit4ClassRunner.java:94)
	at org.junit.runners.ParentRunner$3.run(ParentRunner.java:290)
	at org.junit.runners.ParentRunner$1.schedule(ParentRunner.java:71)
	at org.junit.runners.ParentRunner.runChildren(ParentRunner.java:288)
	at org.junit.runners.ParentRunner.access$000(ParentRunner.java:58)
	at org.junit.runners.ParentRunner$2.evaluate(ParentRunner.java:268)
	at org.springframework.test.context.junit4.statements.RunBeforeTestClassCallbacks.evaluate(RunBeforeTestClassCallbacks.java:61)
	at org.springframework.test.context.junit4.statements.RunAfterTestClassCallbacks.evaluate(RunAfterTestClassCallbacks.java:70)
	at org.junit.runners.ParentRunner.run(ParentRunner.java:363)
	at org.springframework.test.context.junit4.SpringJUnit4ClassRunner.run(SpringJUnit4ClassRunner.java:191)
	at org.junit.runner.JUnitCore.run(JUnitCore.java:137)
	at com.intellij.junit4.JUnit4IdeaTestRunner.startRunnerWithArgs(JUnit4IdeaTestRunner.java:68)
	at com.intellij.rt.execution.junit.IdeaTestRunner$Repeater.startRunnerWithArgs(IdeaTestRunner.java:51)
	at com.intellij.rt.execution.junit.JUnitStarter.prepareStreamsAndStart(JUnitStarter.java:237)
	at com.intellij.rt.execution.junit.JUnitStarter.main(JUnitStarter.java:70)
	at sun.reflect.NativeMethodAccessorImpl.invoke0(Native Method)
	at sun.reflect.NativeMethodAccessorImpl.invoke(NativeMethodAccessorImpl.java:62)
	at sun.reflect.DelegatingMethodAccessorImpl.invoke(DelegatingMethodAccessorImpl.java:43)
	at java.lang.reflect.Method.invoke(Method.java:498)
	at com.intellij.rt.execution.application.AppMain.main(AppMain.java:147)
Caused by: org.springframework.beans.factory.NoSuchBeanDefinitionException: No qualifying bean of type [com.wuliangit.shopos.core.sms.YXSMSSender] found for dependency [com.wuliangit.shopos.core.sms.YXSMSSender]: expected at least 1 bean which qualifies as autowire candidate for this dependency. Dependency annotations: {@org.springframework.beans.factory.annotation.Autowired(required=true)}
	at org.springframework.beans.factory.support.DefaultListableBeanFactory.raiseNoMatchingBeanFound(DefaultListableBeanFactory.java:1406)
	at org.springframework.beans.factory.support.DefaultListableBeanFactory.doResolveDependency(DefaultListableBeanFactory.java:1057)
	at org.springframework.beans.factory.support.DefaultListableBeanFactory.resolveDependency(DefaultListableBeanFactory.java:1019)
	at org.springframework.beans.factory.annotation.AutowiredAnnotationBeanPostProcessor$AutowiredFieldElement.inject(AutowiredAnnotationBeanPostProcessor.java:566)
	... 32 more
2017-03-22 17:00:08,984 - Closing org.springframework.context.support.GenericApplicationContext@1b68ddbd: startup date [Wed Mar 22 17:00:03 CST 2017]; root of context hierarchy
 2017-03-22 17:00:09,007 - {dataSource-1} closed
 2017-03-22 17:00:31,574 - Loaded default TestExecutionListener class names from location [META-INF/spring.factories]: [org.springframework.test.context.web.ServletTestExecutionListener, org.springframework.test.context.support.DirtiesContextBeforeModesTestExecutionListener, org.springframework.test.context.support.DependencyInjectionTestExecutionListener, org.springframework.test.context.support.DirtiesContextTestExecutionListener, org.springframework.test.context.transaction.TransactionalTestExecutionListener, org.springframework.test.context.jdbc.SqlScriptsTestExecutionListener]
 2017-03-22 17:00:31,593 - Using TestExecutionListeners: [org.springframework.test.context.web.ServletTestExecutionListener@67784306, org.springframework.test.context.support.DirtiesContextBeforeModesTestExecutionListener@335eadca, org.springframework.test.context.support.DependencyInjectionTestExecutionListener@210366b4, org.springframework.test.context.support.DirtiesContextTestExecutionListener@eec5a4a, org.springframework.test.context.transaction.TransactionalTestExecutionListener@2b2948e2, org.springframework.test.context.jdbc.SqlScriptsTestExecutionListener@6ddf90b0]
 2017-03-22 17:00:31,815 - Loading XML bean definitions from class path resource [spring-context.xml]
 2017-03-22 17:00:32,520 - Refreshing org.springframework.context.support.GenericApplicationContext@1b68ddbd: startup date [Wed Mar 22 17:00:32 CST 2017]; root of context hierarchy
 2017-03-22 17:00:33,024 - Loading properties file from class path resource [shopos.properties]
 2017-03-22 17:00:33,032 - Loading properties file from class path resource [shopos.properties]
 2017-03-22 17:00:34,709 - {dataSource-1} inited
 2017-03-22 17:00:36,127 - Caught exception while allowing TestExecutionListener [org.springframework.test.context.support.DependencyInjectionTestExecutionListener@210366b4] to prepare test instance [com.wuliangit.shopos.service.MemberServiceTest@3a0baae5]
 org.springframework.beans.factory.UnsatisfiedDependencyException: Error creating bean with name 'com.wuliangit.shopos.service.MemberServiceTest': Unsatisfied dependency expressed through field 'yxsmsSender': No qualifying bean of type [com.wuliangit.shopos.core.sms.YXSMSSender] found for dependency [com.wuliangit.shopos.core.sms.YXSMSSender]: expected at least 1 bean which qualifies as autowire candidate for this dependency. Dependency annotations: {@org.springframework.beans.factory.annotation.Autowired(required=true)}; nested exception is org.springframework.beans.factory.NoSuchBeanDefinitionException: No qualifying bean of type [com.wuliangit.shopos.core.sms.YXSMSSender] found for dependency [com.wuliangit.shopos.core.sms.YXSMSSender]: expected at least 1 bean which qualifies as autowire candidate for this dependency. Dependency annotations: {@org.springframework.beans.factory.annotation.Autowired(required=true)}
	at org.springframework.beans.factory.annotation.AutowiredAnnotationBeanPostProcessor$AutowiredFieldElement.inject(AutowiredAnnotationBeanPostProcessor.java:569)
	at org.springframework.beans.factory.annotation.InjectionMetadata.inject(InjectionMetadata.java:88)
	at org.springframework.beans.factory.annotation.AutowiredAnnotationBeanPostProcessor.postProcessPropertyValues(AutowiredAnnotationBeanPostProcessor.java:349)
	at org.springframework.beans.factory.support.AbstractAutowireCapableBeanFactory.populateBean(AbstractAutowireCapableBeanFactory.java:1214)
	at org.springframework.beans.factory.support.AbstractAutowireCapableBeanFactory.autowireBeanProperties(AbstractAutowireCapableBeanFactory.java:385)
	at org.springframework.test.context.support.DependencyInjectionTestExecutionListener.injectDependencies(DependencyInjectionTestExecutionListener.java:118)
	at org.springframework.test.context.support.DependencyInjectionTestExecutionListener.prepareTestInstance(DependencyInjectionTestExecutionListener.java:83)
	at org.springframework.test.context.TestContextManager.prepareTestInstance(TestContextManager.java:230)
	at org.springframework.test.context.junit4.SpringJUnit4ClassRunner.createTest(SpringJUnit4ClassRunner.java:228)
	at org.springframework.test.context.junit4.SpringJUnit4ClassRunner$1.runReflectiveCall(SpringJUnit4ClassRunner.java:287)
	at org.junit.internal.runners.model.ReflectiveCallable.run(ReflectiveCallable.java:12)
	at org.springframework.test.context.junit4.SpringJUnit4ClassRunner.methodBlock(SpringJUnit4ClassRunner.java:289)
	at org.springframework.test.context.junit4.SpringJUnit4ClassRunner.runChild(SpringJUnit4ClassRunner.java:247)
	at org.springframework.test.context.junit4.SpringJUnit4ClassRunner.runChild(SpringJUnit4ClassRunner.java:94)
	at org.junit.runners.ParentRunner$3.run(ParentRunner.java:290)
	at org.junit.runners.ParentRunner$1.schedule(ParentRunner.java:71)
	at org.junit.runners.ParentRunner.runChildren(ParentRunner.java:288)
	at org.junit.runners.ParentRunner.access$000(ParentRunner.java:58)
	at org.junit.runners.ParentRunner$2.evaluate(ParentRunner.java:268)
	at org.springframework.test.context.junit4.statements.RunBeforeTestClassCallbacks.evaluate(RunBeforeTestClassCallbacks.java:61)
	at org.springframework.test.context.junit4.statements.RunAfterTestClassCallbacks.evaluate(RunAfterTestClassCallbacks.java:70)
	at org.junit.runners.ParentRunner.run(ParentRunner.java:363)
	at org.springframework.test.context.junit4.SpringJUnit4ClassRunner.run(SpringJUnit4ClassRunner.java:191)
	at org.junit.runner.JUnitCore.run(JUnitCore.java:137)
	at com.intellij.junit4.JUnit4IdeaTestRunner.startRunnerWithArgs(JUnit4IdeaTestRunner.java:68)
	at com.intellij.rt.execution.junit.IdeaTestRunner$Repeater.startRunnerWithArgs(IdeaTestRunner.java:51)
	at com.intellij.rt.execution.junit.JUnitStarter.prepareStreamsAndStart(JUnitStarter.java:237)
	at com.intellij.rt.execution.junit.JUnitStarter.main(JUnitStarter.java:70)
	at sun.reflect.NativeMethodAccessorImpl.invoke0(Native Method)
	at sun.reflect.NativeMethodAccessorImpl.invoke(NativeMethodAccessorImpl.java:62)
	at sun.reflect.DelegatingMethodAccessorImpl.invoke(DelegatingMethodAccessorImpl.java:43)
	at java.lang.reflect.Method.invoke(Method.java:498)
	at com.intellij.rt.execution.application.AppMain.main(AppMain.java:147)
Caused by: org.springframework.beans.factory.NoSuchBeanDefinitionException: No qualifying bean of type [com.wuliangit.shopos.core.sms.YXSMSSender] found for dependency [com.wuliangit.shopos.core.sms.YXSMSSender]: expected at least 1 bean which qualifies as autowire candidate for this dependency. Dependency annotations: {@org.springframework.beans.factory.annotation.Autowired(required=true)}
	at org.springframework.beans.factory.support.DefaultListableBeanFactory.raiseNoMatchingBeanFound(DefaultListableBeanFactory.java:1406)
	at org.springframework.beans.factory.support.DefaultListableBeanFactory.doResolveDependency(DefaultListableBeanFactory.java:1057)
	at org.springframework.beans.factory.support.DefaultListableBeanFactory.resolveDependency(DefaultListableBeanFactory.java:1019)
	at org.springframework.beans.factory.annotation.AutowiredAnnotationBeanPostProcessor$AutowiredFieldElement.inject(AutowiredAnnotationBeanPostProcessor.java:566)
	... 32 more
2017-03-22 17:00:36,157 - Closing org.springframework.context.support.GenericApplicationContext@1b68ddbd: startup date [Wed Mar 22 17:00:32 CST 2017]; root of context hierarchy
 2017-03-22 17:00:36,179 - {dataSource-1} closed
 2017-03-22 17:01:41,822 - Loaded default TestExecutionListener class names from location [META-INF/spring.factories]: [org.springframework.test.context.web.ServletTestExecutionListener, org.springframework.test.context.support.DirtiesContextBeforeModesTestExecutionListener, org.springframework.test.context.support.DependencyInjectionTestExecutionListener, org.springframework.test.context.support.DirtiesContextTestExecutionListener, org.springframework.test.context.transaction.TransactionalTestExecutionListener, org.springframework.test.context.jdbc.SqlScriptsTestExecutionListener]
 2017-03-22 17:01:41,841 - Using TestExecutionListeners: [org.springframework.test.context.web.ServletTestExecutionListener@67784306, org.springframework.test.context.support.DirtiesContextBeforeModesTestExecutionListener@335eadca, org.springframework.test.context.support.DependencyInjectionTestExecutionListener@210366b4, org.springframework.test.context.support.DirtiesContextTestExecutionListener@eec5a4a, org.springframework.test.context.transaction.TransactionalTestExecutionListener@2b2948e2, org.springframework.test.context.jdbc.SqlScriptsTestExecutionListener@6ddf90b0]
 2017-03-22 17:01:42,047 - Loading XML bean definitions from class path resource [spring-context.xml]
 2017-03-22 17:01:42,644 - Refreshing org.springframework.context.support.GenericApplicationContext@1b68ddbd: startup date [Wed Mar 22 17:01:42 CST 2017]; root of context hierarchy
 2017-03-22 17:01:43,070 - Loading properties file from class path resource [shopos.properties]
 2017-03-22 17:01:43,076 - Loading properties file from class path resource [shopos.properties]
 2017-03-22 17:01:44,716 - {dataSource-1} inited
 2017-03-22 17:01:46,380 - Caught exception while allowing TestExecutionListener [org.springframework.test.context.support.DependencyInjectionTestExecutionListener@210366b4] to prepare test instance [com.wuliangit.shopos.service.MemberServiceTest@4eb386df]
 org.springframework.beans.factory.UnsatisfiedDependencyException: Error creating bean with name 'com.wuliangit.shopos.service.MemberServiceTest': Unsatisfied dependency expressed through field 'yxsmsSender': No qualifying bean of type [com.wuliangit.shopos.core.sms.YXSMSSender] found for dependency [com.wuliangit.shopos.core.sms.YXSMSSender]: expected at least 1 bean which qualifies as autowire candidate for this dependency. Dependency annotations: {@org.springframework.beans.factory.annotation.Autowired(required=true)}; nested exception is org.springframework.beans.factory.NoSuchBeanDefinitionException: No qualifying bean of type [com.wuliangit.shopos.core.sms.YXSMSSender] found for dependency [com.wuliangit.shopos.core.sms.YXSMSSender]: expected at least 1 bean which qualifies as autowire candidate for this dependency. Dependency annotations: {@org.springframework.beans.factory.annotation.Autowired(required=true)}
	at org.springframework.beans.factory.annotation.AutowiredAnnotationBeanPostProcessor$AutowiredFieldElement.inject(AutowiredAnnotationBeanPostProcessor.java:569)
	at org.springframework.beans.factory.annotation.InjectionMetadata.inject(InjectionMetadata.java:88)
	at org.springframework.beans.factory.annotation.AutowiredAnnotationBeanPostProcessor.postProcessPropertyValues(AutowiredAnnotationBeanPostProcessor.java:349)
	at org.springframework.beans.factory.support.AbstractAutowireCapableBeanFactory.populateBean(AbstractAutowireCapableBeanFactory.java:1214)
	at org.springframework.beans.factory.support.AbstractAutowireCapableBeanFactory.autowireBeanProperties(AbstractAutowireCapableBeanFactory.java:385)
	at org.springframework.test.context.support.DependencyInjectionTestExecutionListener.injectDependencies(DependencyInjectionTestExecutionListener.java:118)
	at org.springframework.test.context.support.DependencyInjectionTestExecutionListener.prepareTestInstance(DependencyInjectionTestExecutionListener.java:83)
	at org.springframework.test.context.TestContextManager.prepareTestInstance(TestContextManager.java:230)
	at org.springframework.test.context.junit4.SpringJUnit4ClassRunner.createTest(SpringJUnit4ClassRunner.java:228)
	at org.springframework.test.context.junit4.SpringJUnit4ClassRunner$1.runReflectiveCall(SpringJUnit4ClassRunner.java:287)
	at org.junit.internal.runners.model.ReflectiveCallable.run(ReflectiveCallable.java:12)
	at org.springframework.test.context.junit4.SpringJUnit4ClassRunner.methodBlock(SpringJUnit4ClassRunner.java:289)
	at org.springframework.test.context.junit4.SpringJUnit4ClassRunner.runChild(SpringJUnit4ClassRunner.java:247)
	at org.springframework.test.context.junit4.SpringJUnit4ClassRunner.runChild(SpringJUnit4ClassRunner.java:94)
	at org.junit.runners.ParentRunner$3.run(ParentRunner.java:290)
	at org.junit.runners.ParentRunner$1.schedule(ParentRunner.java:71)
	at org.junit.runners.ParentRunner.runChildren(ParentRunner.java:288)
	at org.junit.runners.ParentRunner.access$000(ParentRunner.java:58)
	at org.junit.runners.ParentRunner$2.evaluate(ParentRunner.java:268)
	at org.springframework.test.context.junit4.statements.RunBeforeTestClassCallbacks.evaluate(RunBeforeTestClassCallbacks.java:61)
	at org.springframework.test.context.junit4.statements.RunAfterTestClassCallbacks.evaluate(RunAfterTestClassCallbacks.java:70)
	at org.junit.runners.ParentRunner.run(ParentRunner.java:363)
	at org.springframework.test.context.junit4.SpringJUnit4ClassRunner.run(SpringJUnit4ClassRunner.java:191)
	at org.junit.runner.JUnitCore.run(JUnitCore.java:137)
	at com.intellij.junit4.JUnit4IdeaTestRunner.startRunnerWithArgs(JUnit4IdeaTestRunner.java:68)
	at com.intellij.rt.execution.junit.IdeaTestRunner$Repeater.startRunnerWithArgs(IdeaTestRunner.java:51)
	at com.intellij.rt.execution.junit.JUnitStarter.prepareStreamsAndStart(JUnitStarter.java:237)
	at com.intellij.rt.execution.junit.JUnitStarter.main(JUnitStarter.java:70)
	at sun.reflect.NativeMethodAccessorImpl.invoke0(Native Method)
	at sun.reflect.NativeMethodAccessorImpl.invoke(NativeMethodAccessorImpl.java:62)
	at sun.reflect.DelegatingMethodAccessorImpl.invoke(DelegatingMethodAccessorImpl.java:43)
	at java.lang.reflect.Method.invoke(Method.java:498)
	at com.intellij.rt.execution.application.AppMain.main(AppMain.java:147)
Caused by: org.springframework.beans.factory.NoSuchBeanDefinitionException: No qualifying bean of type [com.wuliangit.shopos.core.sms.YXSMSSender] found for dependency [com.wuliangit.shopos.core.sms.YXSMSSender]: expected at least 1 bean which qualifies as autowire candidate for this dependency. Dependency annotations: {@org.springframework.beans.factory.annotation.Autowired(required=true)}
	at org.springframework.beans.factory.support.DefaultListableBeanFactory.raiseNoMatchingBeanFound(DefaultListableBeanFactory.java:1406)
	at org.springframework.beans.factory.support.DefaultListableBeanFactory.doResolveDependency(DefaultListableBeanFactory.java:1057)
	at org.springframework.beans.factory.support.DefaultListableBeanFactory.resolveDependency(DefaultListableBeanFactory.java:1019)
	at org.springframework.beans.factory.annotation.AutowiredAnnotationBeanPostProcessor$AutowiredFieldElement.inject(AutowiredAnnotationBeanPostProcessor.java:566)
	... 32 more
2017-03-22 17:01:46,441 - Closing org.springframework.context.support.GenericApplicationContext@1b68ddbd: startup date [Wed Mar 22 17:01:42 CST 2017]; root of context hierarchy
 2017-03-22 17:01:46,457 - {dataSource-1} closed
 2017-03-22 17:03:01,118 - Loaded default TestExecutionListener class names from location [META-INF/spring.factories]: [org.springframework.test.context.web.ServletTestExecutionListener, org.springframework.test.context.support.DirtiesContextBeforeModesTestExecutionListener, org.springframework.test.context.support.DependencyInjectionTestExecutionListener, org.springframework.test.context.support.DirtiesContextTestExecutionListener, org.springframework.test.context.transaction.TransactionalTestExecutionListener, org.springframework.test.context.jdbc.SqlScriptsTestExecutionListener]
 2017-03-22 17:03:01,179 - Using TestExecutionListeners: [org.springframework.test.context.web.ServletTestExecutionListener@67784306, org.springframework.test.context.support.DirtiesContextBeforeModesTestExecutionListener@335eadca, org.springframework.test.context.support.DependencyInjectionTestExecutionListener@210366b4, org.springframework.test.context.support.DirtiesContextTestExecutionListener@eec5a4a, org.springframework.test.context.transaction.TransactionalTestExecutionListener@2b2948e2, org.springframework.test.context.jdbc.SqlScriptsTestExecutionListener@6ddf90b0]
 2017-03-22 17:03:01,487 - Loading XML bean definitions from class path resource [spring-context.xml]
 2017-03-22 17:03:02,324 - Refreshing org.springframework.context.support.GenericApplicationContext@1b68ddbd: startup date [Wed Mar 22 17:03:02 CST 2017]; root of context hierarchy
 2017-03-22 17:03:02,835 - Loading properties file from class path resource [shopos.properties]
 2017-03-22 17:03:02,853 - Loading properties file from class path resource [shopos.properties]
 2017-03-22 17:03:04,620 - {dataSource-1} inited
 2017-03-22 17:03:06,082 - Closing org.springframework.context.support.GenericApplicationContext@1b68ddbd: startup date [Wed Mar 22 17:03:02 CST 2017]; root of context hierarchy
 2017-03-22 17:03:06,100 - {dataSource-1} closed
 2017-03-22 18:02:22,218 - Loaded default TestExecutionListener class names from location [META-INF/spring.factories]: [org.springframework.test.context.web.ServletTestExecutionListener, org.springframework.test.context.support.DirtiesContextBeforeModesTestExecutionListener, org.springframework.test.context.support.DependencyInjectionTestExecutionListener, org.springframework.test.context.support.DirtiesContextTestExecutionListener, org.springframework.test.context.transaction.TransactionalTestExecutionListener, org.springframework.test.context.jdbc.SqlScriptsTestExecutionListener]
 2017-03-22 18:02:22,269 - Using TestExecutionListeners: [org.springframework.test.context.web.ServletTestExecutionListener@3ba9ad43, org.springframework.test.context.support.DirtiesContextBeforeModesTestExecutionListener@49d904ec, org.springframework.test.context.support.DependencyInjectionTestExecutionListener@48e4374, org.springframework.test.context.support.DirtiesContextTestExecutionListener@3d680b5a, org.springframework.test.context.transaction.TransactionalTestExecutionListener@4b5d6a01, org.springframework.test.context.jdbc.SqlScriptsTestExecutionListener@4a22f9e2]
 2017-03-22 18:02:22,715 - Loading XML bean definitions from class path resource [spring-context.xml]
 2017-03-22 18:02:23,848 - Refreshing org.springframework.context.support.GenericApplicationContext@79924b: startup date [Wed Mar 22 18:02:23 CST 2017]; root of context hierarchy
 2017-03-22 18:02:24,565 - Loading properties file from class path resource [shopos.properties]
 2017-03-22 18:02:24,578 - Loading properties file from class path resource [shopos.properties]
 2017-03-22 18:02:26,462 - {dataSource-1} inited
 2017-03-22 18:02:27,778 - 初始化异常:serverIP或serverPort为空
 2017-03-22 18:02:27,781 - Exception encountered during context initialization - cancelling refresh attempt: org.springframework.beans.factory.UnsatisfiedDependencyException: Error creating bean with name 'SMSServiceImpl': Unsatisfied dependency expressed through field 'sender': Error creating bean with name 'sender' defined in class path resource [spring-context.xml]: Instantiation of bean failed; nested exception is org.springframework.beans.BeanInstantiationException: Failed to instantiate [com.wuliangit.shopos.core.sms.YXSMSSender]: Constructor threw exception; nested exception is java.lang.IllegalArgumentException: 必选参数: 服务器地址  服务器端口 为空; nested exception is org.springframework.beans.factory.BeanCreationException: Error creating bean with name 'sender' defined in class path resource [spring-context.xml]: Instantiation of bean failed; nested exception is org.springframework.beans.BeanInstantiationException: Failed to instantiate [com.wuliangit.shopos.core.sms.YXSMSSender]: Constructor threw exception; nested exception is java.lang.IllegalArgumentException: 必选参数: 服务器地址  服务器端口 为空
 2017-03-22 18:02:27,794 - {dataSource-1} closed
 2017-03-22 18:02:27,799 - Caught exception while allowing TestExecutionListener [org.springframework.test.context.support.DependencyInjectionTestExecutionListener@48e4374] to prepare test instance [com.wuliangit.shopos.service.MemberServiceTest@29be7749]
 java.lang.IllegalStateException: Failed to load ApplicationContext
	at org.springframework.test.context.cache.DefaultCacheAwareContextLoaderDelegate.loadContext(DefaultCacheAwareContextLoaderDelegate.java:124)
	at org.springframework.test.context.support.DefaultTestContext.getApplicationContext(DefaultTestContext.java:83)
	at org.springframework.test.context.support.DependencyInjectionTestExecutionListener.injectDependencies(DependencyInjectionTestExecutionListener.java:117)
	at org.springframework.test.context.support.DependencyInjectionTestExecutionListener.prepareTestInstance(DependencyInjectionTestExecutionListener.java:83)
	at org.springframework.test.context.TestContextManager.prepareTestInstance(TestContextManager.java:230)
	at org.springframework.test.context.junit4.SpringJUnit4ClassRunner.createTest(SpringJUnit4ClassRunner.java:228)
	at org.springframework.test.context.junit4.SpringJUnit4ClassRunner$1.runReflectiveCall(SpringJUnit4ClassRunner.java:287)
	at org.junit.internal.runners.model.ReflectiveCallable.run(ReflectiveCallable.java:12)
	at org.springframework.test.context.junit4.SpringJUnit4ClassRunner.methodBlock(SpringJUnit4ClassRunner.java:289)
	at org.springframework.test.context.junit4.SpringJUnit4ClassRunner.runChild(SpringJUnit4ClassRunner.java:247)
	at org.springframework.test.context.junit4.SpringJUnit4ClassRunner.runChild(SpringJUnit4ClassRunner.java:94)
	at org.junit.runners.ParentRunner$3.run(ParentRunner.java:290)
	at org.junit.runners.ParentRunner$1.schedule(ParentRunner.java:71)
	at org.junit.runners.ParentRunner.runChildren(ParentRunner.java:288)
	at org.junit.runners.ParentRunner.access$000(ParentRunner.java:58)
	at org.junit.runners.ParentRunner$2.evaluate(ParentRunner.java:268)
	at org.springframework.test.context.junit4.statements.RunBeforeTestClassCallbacks.evaluate(RunBeforeTestClassCallbacks.java:61)
	at org.springframework.test.context.junit4.statements.RunAfterTestClassCallbacks.evaluate(RunAfterTestClassCallbacks.java:70)
	at org.junit.runners.ParentRunner.run(ParentRunner.java:363)
	at org.springframework.test.context.junit4.SpringJUnit4ClassRunner.run(SpringJUnit4ClassRunner.java:191)
	at org.junit.runner.JUnitCore.run(JUnitCore.java:137)
	at com.intellij.junit4.JUnit4IdeaTestRunner.startRunnerWithArgs(JUnit4IdeaTestRunner.java:68)
	at com.intellij.rt.execution.junit.IdeaTestRunner$Repeater.startRunnerWithArgs(IdeaTestRunner.java:51)
	at com.intellij.rt.execution.junit.JUnitStarter.prepareStreamsAndStart(JUnitStarter.java:237)
	at com.intellij.rt.execution.junit.JUnitStarter.main(JUnitStarter.java:70)
Caused by: org.springframework.beans.factory.UnsatisfiedDependencyException: Error creating bean with name 'SMSServiceImpl': Unsatisfied dependency expressed through field 'sender': Error creating bean with name 'sender' defined in class path resource [spring-context.xml]: Instantiation of bean failed; nested exception is org.springframework.beans.BeanInstantiationException: Failed to instantiate [com.wuliangit.shopos.core.sms.YXSMSSender]: Constructor threw exception; nested exception is java.lang.IllegalArgumentException: 必选参数: 服务器地址  服务器端口 为空; nested exception is org.springframework.beans.factory.BeanCreationException: Error creating bean with name 'sender' defined in class path resource [spring-context.xml]: Instantiation of bean failed; nested exception is org.springframework.beans.BeanInstantiationException: Failed to instantiate [com.wuliangit.shopos.core.sms.YXSMSSender]: Constructor threw exception; nested exception is java.lang.IllegalArgumentException: 必选参数: 服务器地址  服务器端口 为空
	at org.springframework.beans.factory.annotation.AutowiredAnnotationBeanPostProcessor$AutowiredFieldElement.inject(AutowiredAnnotationBeanPostProcessor.java:569)
	at org.springframework.beans.factory.annotation.InjectionMetadata.inject(InjectionMetadata.java:88)
	at org.springframework.beans.factory.annotation.AutowiredAnnotationBeanPostProcessor.postProcessPropertyValues(AutowiredAnnotationBeanPostProcessor.java:349)
	at org.springframework.beans.factory.support.AbstractAutowireCapableBeanFactory.populateBean(AbstractAutowireCapableBeanFactory.java:1214)
	at org.springframework.beans.factory.support.AbstractAutowireCapableBeanFactory.doCreateBean(AbstractAutowireCapableBeanFactory.java:543)
	at org.springframework.beans.factory.support.AbstractAutowireCapableBeanFactory.createBean(AbstractAutowireCapableBeanFactory.java:482)
	at org.springframework.beans.factory.support.AbstractBeanFactory$1.getObject(AbstractBeanFactory.java:306)
	at org.springframework.beans.factory.support.DefaultSingletonBeanRegistry.getSingleton(DefaultSingletonBeanRegistry.java:230)
	at org.springframework.beans.factory.support.AbstractBeanFactory.doGetBean(AbstractBeanFactory.java:302)
	at org.springframework.beans.factory.support.AbstractBeanFactory.getBean(AbstractBeanFactory.java:197)
	at org.springframework.beans.factory.support.DefaultListableBeanFactory.preInstantiateSingletons(DefaultListableBeanFactory.java:776)
	at org.springframework.context.support.AbstractApplicationContext.finishBeanFactoryInitialization(AbstractApplicationContext.java:861)
	at org.springframework.context.support.AbstractApplicationContext.refresh(AbstractApplicationContext.java:541)
	at org.springframework.test.context.support.AbstractGenericContextLoader.loadContext(AbstractGenericContextLoader.java:128)
	at org.springframework.test.context.support.AbstractGenericContextLoader.loadContext(AbstractGenericContextLoader.java:60)
	at org.springframework.test.context.support.AbstractDelegatingSmartContextLoader.delegateLoading(AbstractDelegatingSmartContextLoader.java:108)
	at org.springframework.test.context.support.AbstractDelegatingSmartContextLoader.loadContext(AbstractDelegatingSmartContextLoader.java:251)
	at org.springframework.test.context.cache.DefaultCacheAwareContextLoaderDelegate.loadContextInternal(DefaultCacheAwareContextLoaderDelegate.java:98)
	at org.springframework.test.context.cache.DefaultCacheAwareContextLoaderDelegate.loadContext(DefaultCacheAwareContextLoaderDelegate.java:116)
	... 24 more
Caused by: org.springframework.beans.factory.BeanCreationException: Error creating bean with name 'sender' defined in class path resource [spring-context.xml]: Instantiation of bean failed; nested exception is org.springframework.beans.BeanInstantiationException: Failed to instantiate [com.wuliangit.shopos.core.sms.YXSMSSender]: Constructor threw exception; nested exception is java.lang.IllegalArgumentException: 必选参数: 服务器地址  服务器端口 为空
	at org.springframework.beans.factory.support.AbstractAutowireCapableBeanFactory.instantiateBean(AbstractAutowireCapableBeanFactory.java:1105)
	at org.springframework.beans.factory.support.AbstractAutowireCapableBeanFactory.createBeanInstance(AbstractAutowireCapableBeanFactory.java:1050)
	at org.springframework.beans.factory.support.AbstractAutowireCapableBeanFactory.doCreateBean(AbstractAutowireCapableBeanFactory.java:510)
	at org.springframework.beans.factory.support.AbstractAutowireCapableBeanFactory.createBean(AbstractAutowireCapableBeanFactory.java:482)
	at org.springframework.beans.factory.support.AbstractBeanFactory$1.getObject(AbstractBeanFactory.java:306)
	at org.springframework.beans.factory.support.DefaultSingletonBeanRegistry.getSingleton(DefaultSingletonBeanRegistry.java:230)
	at org.springframework.beans.factory.support.AbstractBeanFactory.doGetBean(AbstractBeanFactory.java:302)
	at org.springframework.beans.factory.support.AbstractBeanFactory.getBean(AbstractBeanFactory.java:202)
	at org.springframework.beans.factory.config.DependencyDescriptor.resolveCandidate(DependencyDescriptor.java:207)
	at org.springframework.beans.factory.support.DefaultListableBeanFactory.findAutowireCandidates(DefaultListableBeanFactory.java:1214)
	at org.springframework.beans.factory.support.DefaultListableBeanFactory.doResolveDependency(DefaultListableBeanFactory.java:1054)
	at org.springframework.beans.factory.support.DefaultListableBeanFactory.resolveDependency(DefaultListableBeanFactory.java:1019)
	at org.springframework.beans.factory.annotation.AutowiredAnnotationBeanPostProcessor$AutowiredFieldElement.inject(AutowiredAnnotationBeanPostProcessor.java:566)
	... 42 more
Caused by: org.springframework.beans.BeanInstantiationException: Failed to instantiate [com.wuliangit.shopos.core.sms.YXSMSSender]: Constructor threw exception; nested exception is java.lang.IllegalArgumentException: 必选参数: 服务器地址  服务器端口 为空
	at org.springframework.beans.BeanUtils.instantiateClass(BeanUtils.java:154)
	at org.springframework.beans.factory.support.SimpleInstantiationStrategy.instantiate(SimpleInstantiationStrategy.java:89)
	at org.springframework.beans.factory.support.AbstractAutowireCapableBeanFactory.instantiateBean(AbstractAutowireCapableBeanFactory.java:1098)
	... 54 more
Caused by: java.lang.IllegalArgumentException: 必选参数: 服务器地址  服务器端口 为空
	at com.cloopen.rest.sdk.CCPRestSmsSDK.init(CCPRestSmsSDK.java:87)
	at com.wuliangit.shopos.core.sms.YXSMSSender.<init>(YXSMSSender.java:25)
	at sun.reflect.NativeConstructorAccessorImpl.newInstance0(Native Method)
	at sun.reflect.NativeConstructorAccessorImpl.newInstance(NativeConstructorAccessorImpl.java:62)
	at sun.reflect.DelegatingConstructorAccessorImpl.newInstance(DelegatingConstructorAccessorImpl.java:45)
	at java.lang.reflect.Constructor.newInstance(Constructor.java:423)
	at org.springframework.beans.BeanUtils.instantiateClass(BeanUtils.java:142)
	... 56 more
2017-03-22 18:12:07,444 - Loaded default TestExecutionListener class names from location [META-INF/spring.factories]: [org.springframework.test.context.web.ServletTestExecutionListener, org.springframework.test.context.support.DirtiesContextBeforeModesTestExecutionListener, org.springframework.test.context.support.DependencyInjectionTestExecutionListener, org.springframework.test.context.support.DirtiesContextTestExecutionListener, org.springframework.test.context.transaction.TransactionalTestExecutionListener, org.springframework.test.context.jdbc.SqlScriptsTestExecutionListener]
 2017-03-22 18:12:07,535 - Using TestExecutionListeners: [org.springframework.test.context.web.ServletTestExecutionListener@3ba9ad43, org.springframework.test.context.support.DirtiesContextBeforeModesTestExecutionListener@49d904ec, org.springframework.test.context.support.DependencyInjectionTestExecutionListener@48e4374, org.springframework.test.context.support.DirtiesContextTestExecutionListener@3d680b5a, org.springframework.test.context.transaction.TransactionalTestExecutionListener@4b5d6a01, org.springframework.test.context.jdbc.SqlScriptsTestExecutionListener@4a22f9e2]
 2017-03-22 18:12:07,867 - Loading XML bean definitions from class path resource [spring-context.xml]
 2017-03-22 18:12:08,693 - Refreshing org.springframework.context.support.GenericApplicationContext@79924b: startup date [Wed Mar 22 18:12:08 CST 2017]; root of context hierarchy
 2017-03-22 18:12:09,129 - Loading properties file from class path resource [shopos.properties]
 2017-03-22 18:12:09,140 - Loading properties file from class path resource [shopos.properties]
 2017-03-22 18:12:10,748 - {dataSource-1} inited
 2017-03-22 18:12:11,932 - Exception encountered during context initialization - cancelling refresh attempt: org.springframework.beans.factory.UnsatisfiedDependencyException: Error creating bean with name 'SMSServiceImpl': Unsatisfied dependency expressed through field 'sender': Error creating bean with name 'sender' defined in class path resource [spring-context.xml]: Cannot resolve reference to bean 'cacheManager' while setting bean property 'cache'; nested exception is org.springframework.beans.factory.NoSuchBeanDefinitionException: No bean named 'cacheManager' is defined; nested exception is org.springframework.beans.factory.BeanCreationException: Error creating bean with name 'sender' defined in class path resource [spring-context.xml]: Cannot resolve reference to bean 'cacheManager' while setting bean property 'cache'; nested exception is org.springframework.beans.factory.NoSuchBeanDefinitionException: No bean named 'cacheManager' is defined
 2017-03-22 18:12:11,939 - {dataSource-1} closed
 2017-03-22 18:12:11,943 - Caught exception while allowing TestExecutionListener [org.springframework.test.context.support.DependencyInjectionTestExecutionListener@48e4374] to prepare test instance [com.wuliangit.shopos.service.MemberServiceTest@22fba58c]
 java.lang.IllegalStateException: Failed to load ApplicationContext
	at org.springframework.test.context.cache.DefaultCacheAwareContextLoaderDelegate.loadContext(DefaultCacheAwareContextLoaderDelegate.java:124)
	at org.springframework.test.context.support.DefaultTestContext.getApplicationContext(DefaultTestContext.java:83)
	at org.springframework.test.context.support.DependencyInjectionTestExecutionListener.injectDependencies(DependencyInjectionTestExecutionListener.java:117)
	at org.springframework.test.context.support.DependencyInjectionTestExecutionListener.prepareTestInstance(DependencyInjectionTestExecutionListener.java:83)
	at org.springframework.test.context.TestContextManager.prepareTestInstance(TestContextManager.java:230)
	at org.springframework.test.context.junit4.SpringJUnit4ClassRunner.createTest(SpringJUnit4ClassRunner.java:228)
	at org.springframework.test.context.junit4.SpringJUnit4ClassRunner$1.runReflectiveCall(SpringJUnit4ClassRunner.java:287)
	at org.junit.internal.runners.model.ReflectiveCallable.run(ReflectiveCallable.java:12)
	at org.springframework.test.context.junit4.SpringJUnit4ClassRunner.methodBlock(SpringJUnit4ClassRunner.java:289)
	at org.springframework.test.context.junit4.SpringJUnit4ClassRunner.runChild(SpringJUnit4ClassRunner.java:247)
	at org.springframework.test.context.junit4.SpringJUnit4ClassRunner.runChild(SpringJUnit4ClassRunner.java:94)
	at org.junit.runners.ParentRunner$3.run(ParentRunner.java:290)
	at org.junit.runners.ParentRunner$1.schedule(ParentRunner.java:71)
	at org.junit.runners.ParentRunner.runChildren(ParentRunner.java:288)
	at org.junit.runners.ParentRunner.access$000(ParentRunner.java:58)
	at org.junit.runners.ParentRunner$2.evaluate(ParentRunner.java:268)
	at org.springframework.test.context.junit4.statements.RunBeforeTestClassCallbacks.evaluate(RunBeforeTestClassCallbacks.java:61)
	at org.springframework.test.context.junit4.statements.RunAfterTestClassCallbacks.evaluate(RunAfterTestClassCallbacks.java:70)
	at org.junit.runners.ParentRunner.run(ParentRunner.java:363)
	at org.springframework.test.context.junit4.SpringJUnit4ClassRunner.run(SpringJUnit4ClassRunner.java:191)
	at org.junit.runner.JUnitCore.run(JUnitCore.java:137)
	at com.intellij.junit4.JUnit4IdeaTestRunner.startRunnerWithArgs(JUnit4IdeaTestRunner.java:68)
	at com.intellij.rt.execution.junit.IdeaTestRunner$Repeater.startRunnerWithArgs(IdeaTestRunner.java:51)
	at com.intellij.rt.execution.junit.JUnitStarter.prepareStreamsAndStart(JUnitStarter.java:237)
	at com.intellij.rt.execution.junit.JUnitStarter.main(JUnitStarter.java:70)
Caused by: org.springframework.beans.factory.UnsatisfiedDependencyException: Error creating bean with name 'SMSServiceImpl': Unsatisfied dependency expressed through field 'sender': Error creating bean with name 'sender' defined in class path resource [spring-context.xml]: Cannot resolve reference to bean 'cacheManager' while setting bean property 'cache'; nested exception is org.springframework.beans.factory.NoSuchBeanDefinitionException: No bean named 'cacheManager' is defined; nested exception is org.springframework.beans.factory.BeanCreationException: Error creating bean with name 'sender' defined in class path resource [spring-context.xml]: Cannot resolve reference to bean 'cacheManager' while setting bean property 'cache'; nested exception is org.springframework.beans.factory.NoSuchBeanDefinitionException: No bean named 'cacheManager' is defined
	at org.springframework.beans.factory.annotation.AutowiredAnnotationBeanPostProcessor$AutowiredFieldElement.inject(AutowiredAnnotationBeanPostProcessor.java:569)
	at org.springframework.beans.factory.annotation.InjectionMetadata.inject(InjectionMetadata.java:88)
	at org.springframework.beans.factory.annotation.AutowiredAnnotationBeanPostProcessor.postProcessPropertyValues(AutowiredAnnotationBeanPostProcessor.java:349)
	at org.springframework.beans.factory.support.AbstractAutowireCapableBeanFactory.populateBean(AbstractAutowireCapableBeanFactory.java:1214)
	at org.springframework.beans.factory.support.AbstractAutowireCapableBeanFactory.doCreateBean(AbstractAutowireCapableBeanFactory.java:543)
	at org.springframework.beans.factory.support.AbstractAutowireCapableBeanFactory.createBean(AbstractAutowireCapableBeanFactory.java:482)
	at org.springframework.beans.factory.support.AbstractBeanFactory$1.getObject(AbstractBeanFactory.java:306)
	at org.springframework.beans.factory.support.DefaultSingletonBeanRegistry.getSingleton(DefaultSingletonBeanRegistry.java:230)
	at org.springframework.beans.factory.support.AbstractBeanFactory.doGetBean(AbstractBeanFactory.java:302)
	at org.springframework.beans.factory.support.AbstractBeanFactory.getBean(AbstractBeanFactory.java:197)
	at org.springframework.beans.factory.support.DefaultListableBeanFactory.preInstantiateSingletons(DefaultListableBeanFactory.java:776)
	at org.springframework.context.support.AbstractApplicationContext.finishBeanFactoryInitialization(AbstractApplicationContext.java:861)
	at org.springframework.context.support.AbstractApplicationContext.refresh(AbstractApplicationContext.java:541)
	at org.springframework.test.context.support.AbstractGenericContextLoader.loadContext(AbstractGenericContextLoader.java:128)
	at org.springframework.test.context.support.AbstractGenericContextLoader.loadContext(AbstractGenericContextLoader.java:60)
	at org.springframework.test.context.support.AbstractDelegatingSmartContextLoader.delegateLoading(AbstractDelegatingSmartContextLoader.java:108)
	at org.springframework.test.context.support.AbstractDelegatingSmartContextLoader.loadContext(AbstractDelegatingSmartContextLoader.java:251)
	at org.springframework.test.context.cache.DefaultCacheAwareContextLoaderDelegate.loadContextInternal(DefaultCacheAwareContextLoaderDelegate.java:98)
	at org.springframework.test.context.cache.DefaultCacheAwareContextLoaderDelegate.loadContext(DefaultCacheAwareContextLoaderDelegate.java:116)
	... 24 more
Caused by: org.springframework.beans.factory.BeanCreationException: Error creating bean with name 'sender' defined in class path resource [spring-context.xml]: Cannot resolve reference to bean 'cacheManager' while setting bean property 'cache'; nested exception is org.springframework.beans.factory.NoSuchBeanDefinitionException: No bean named 'cacheManager' is defined
	at org.springframework.beans.factory.support.BeanDefinitionValueResolver.resolveReference(BeanDefinitionValueResolver.java:359)
	at org.springframework.beans.factory.support.BeanDefinitionValueResolver.resolveValueIfNecessary(BeanDefinitionValueResolver.java:108)
	at org.springframework.beans.factory.support.AbstractAutowireCapableBeanFactory.applyPropertyValues(AbstractAutowireCapableBeanFactory.java:1481)
	at org.springframework.beans.factory.support.AbstractAutowireCapableBeanFactory.populateBean(AbstractAutowireCapableBeanFactory.java:1226)
	at org.springframework.beans.factory.support.AbstractAutowireCapableBeanFactory.doCreateBean(AbstractAutowireCapableBeanFactory.java:543)
	at org.springframework.beans.factory.support.AbstractAutowireCapableBeanFactory.createBean(AbstractAutowireCapableBeanFactory.java:482)
	at org.springframework.beans.factory.support.AbstractBeanFactory$1.getObject(AbstractBeanFactory.java:306)
	at org.springframework.beans.factory.support.DefaultSingletonBeanRegistry.getSingleton(DefaultSingletonBeanRegistry.java:230)
	at org.springframework.beans.factory.support.AbstractBeanFactory.doGetBean(AbstractBeanFactory.java:302)
	at org.springframework.beans.factory.support.AbstractBeanFactory.getBean(AbstractBeanFactory.java:202)
	at org.springframework.beans.factory.config.DependencyDescriptor.resolveCandidate(DependencyDescriptor.java:207)
	at org.springframework.beans.factory.support.DefaultListableBeanFactory.findAutowireCandidates(DefaultListableBeanFactory.java:1214)
	at org.springframework.beans.factory.support.DefaultListableBeanFactory.doResolveDependency(DefaultListableBeanFactory.java:1054)
	at org.springframework.beans.factory.support.DefaultListableBeanFactory.resolveDependency(DefaultListableBeanFactory.java:1019)
	at org.springframework.beans.factory.annotation.AutowiredAnnotationBeanPostProcessor$AutowiredFieldElement.inject(AutowiredAnnotationBeanPostProcessor.java:566)
	... 42 more
Caused by: org.springframework.beans.factory.NoSuchBeanDefinitionException: No bean named 'cacheManager' is defined
	at org.springframework.beans.factory.support.DefaultListableBeanFactory.getBeanDefinition(DefaultListableBeanFactory.java:702)
	at org.springframework.beans.factory.support.AbstractBeanFactory.getMergedLocalBeanDefinition(AbstractBeanFactory.java:1180)
	at org.springframework.beans.factory.support.AbstractBeanFactory.doGetBean(AbstractBeanFactory.java:284)
	at org.springframework.beans.factory.support.AbstractBeanFactory.getBean(AbstractBeanFactory.java:197)
	at org.springframework.beans.factory.support.BeanDefinitionValueResolver.resolveReference(BeanDefinitionValueResolver.java:351)
	... 56 more
2017-03-22 18:14:40,480 - Loaded default TestExecutionListener class names from location [META-INF/spring.factories]: [org.springframework.test.context.web.ServletTestExecutionListener, org.springframework.test.context.support.DirtiesContextBeforeModesTestExecutionListener, org.springframework.test.context.support.DependencyInjectionTestExecutionListener, org.springframework.test.context.support.DirtiesContextTestExecutionListener, org.springframework.test.context.transaction.TransactionalTestExecutionListener, org.springframework.test.context.jdbc.SqlScriptsTestExecutionListener]
 2017-03-22 18:14:40,655 - Using TestExecutionListeners: [org.springframework.test.context.web.ServletTestExecutionListener@3ba9ad43, org.springframework.test.context.support.DirtiesContextBeforeModesTestExecutionListener@49d904ec, org.springframework.test.context.support.DependencyInjectionTestExecutionListener@48e4374, org.springframework.test.context.support.DirtiesContextTestExecutionListener@3d680b5a, org.springframework.test.context.transaction.TransactionalTestExecutionListener@4b5d6a01, org.springframework.test.context.jdbc.SqlScriptsTestExecutionListener@4a22f9e2]
 2017-03-22 18:14:41,179 - Loading XML bean definitions from class path resource [spring-context.xml]
 2017-03-22 18:14:41,958 - Refreshing org.springframework.context.support.GenericApplicationContext@79924b: startup date [Wed Mar 22 18:14:41 CST 2017]; root of context hierarchy
 2017-03-22 18:14:42,575 - Loading properties file from class path resource [shopos.properties]
 2017-03-22 18:14:42,595 - Loading properties file from class path resource [shopos.properties]
 2017-03-22 18:14:44,286 - {dataSource-1} inited
 2017-03-22 18:14:45,607 - Initializing EhCache CacheManager
 2017-03-22 18:14:45,808 - Exception encountered during context initialization - cancelling refresh attempt: org.springframework.beans.factory.UnsatisfiedDependencyException: Error creating bean with name 'SMSServiceImpl': Unsatisfied dependency expressed through field 'sender': Error creating bean with name 'sender' defined in class path resource [spring-context.xml]: Initialization of bean failed; nested exception is org.springframework.beans.ConversionNotSupportedException: Failed to convert property value of type [com.wuliangit.shopos.core.cache.SpringCacheManager] to required type [org.apache.shiro.cache.Cache] for property 'cache'; nested exception is java.lang.IllegalStateException: Cannot convert value of type [com.wuliangit.shopos.core.cache.SpringCacheManager] to required type [org.apache.shiro.cache.Cache] for property 'cache': no matching editors or conversion strategy found; nested exception is org.springframework.beans.factory.BeanCreationException: Error creating bean with name 'sender' defined in class path resource [spring-context.xml]: Initialization of bean failed; nested exception is org.springframework.beans.ConversionNotSupportedException: Failed to convert property value of type [com.wuliangit.shopos.core.cache.SpringCacheManager] to required type [org.apache.shiro.cache.Cache] for property 'cache'; nested exception is java.lang.IllegalStateException: Cannot convert value of type [com.wuliangit.shopos.core.cache.SpringCacheManager] to required type [org.apache.shiro.cache.Cache] for property 'cache': no matching editors or conversion strategy found
 2017-03-22 18:14:45,809 - Shutting down EhCache CacheManager
 2017-03-22 18:14:45,853 - {dataSource-1} closed
 2017-03-22 18:14:45,858 - Caught exception while allowing TestExecutionListener [org.springframework.test.context.support.DependencyInjectionTestExecutionListener@48e4374] to prepare test instance [com.wuliangit.shopos.service.MemberServiceTest@336365bc]
 java.lang.IllegalStateException: Failed to load ApplicationContext
	at org.springframework.test.context.cache.DefaultCacheAwareContextLoaderDelegate.loadContext(DefaultCacheAwareContextLoaderDelegate.java:124)
	at org.springframework.test.context.support.DefaultTestContext.getApplicationContext(DefaultTestContext.java:83)
	at org.springframework.test.context.support.DependencyInjectionTestExecutionListener.injectDependencies(DependencyInjectionTestExecutionListener.java:117)
	at org.springframework.test.context.support.DependencyInjectionTestExecutionListener.prepareTestInstance(DependencyInjectionTestExecutionListener.java:83)
	at org.springframework.test.context.TestContextManager.prepareTestInstance(TestContextManager.java:230)
	at org.springframework.test.context.junit4.SpringJUnit4ClassRunner.createTest(SpringJUnit4ClassRunner.java:228)
	at org.springframework.test.context.junit4.SpringJUnit4ClassRunner$1.runReflectiveCall(SpringJUnit4ClassRunner.java:287)
	at org.junit.internal.runners.model.ReflectiveCallable.run(ReflectiveCallable.java:12)
	at org.springframework.test.context.junit4.SpringJUnit4ClassRunner.methodBlock(SpringJUnit4ClassRunner.java:289)
	at org.springframework.test.context.junit4.SpringJUnit4ClassRunner.runChild(SpringJUnit4ClassRunner.java:247)
	at org.springframework.test.context.junit4.SpringJUnit4ClassRunner.runChild(SpringJUnit4ClassRunner.java:94)
	at org.junit.runners.ParentRunner$3.run(ParentRunner.java:290)
	at org.junit.runners.ParentRunner$1.schedule(ParentRunner.java:71)
	at org.junit.runners.ParentRunner.runChildren(ParentRunner.java:288)
	at org.junit.runners.ParentRunner.access$000(ParentRunner.java:58)
	at org.junit.runners.ParentRunner$2.evaluate(ParentRunner.java:268)
	at org.springframework.test.context.junit4.statements.RunBeforeTestClassCallbacks.evaluate(RunBeforeTestClassCallbacks.java:61)
	at org.springframework.test.context.junit4.statements.RunAfterTestClassCallbacks.evaluate(RunAfterTestClassCallbacks.java:70)
	at org.junit.runners.ParentRunner.run(ParentRunner.java:363)
	at org.springframework.test.context.junit4.SpringJUnit4ClassRunner.run(SpringJUnit4ClassRunner.java:191)
	at org.junit.runner.JUnitCore.run(JUnitCore.java:137)
	at com.intellij.junit4.JUnit4IdeaTestRunner.startRunnerWithArgs(JUnit4IdeaTestRunner.java:68)
	at com.intellij.rt.execution.junit.IdeaTestRunner$Repeater.startRunnerWithArgs(IdeaTestRunner.java:51)
	at com.intellij.rt.execution.junit.JUnitStarter.prepareStreamsAndStart(JUnitStarter.java:237)
	at com.intellij.rt.execution.junit.JUnitStarter.main(JUnitStarter.java:70)
Caused by: org.springframework.beans.factory.UnsatisfiedDependencyException: Error creating bean with name 'SMSServiceImpl': Unsatisfied dependency expressed through field 'sender': Error creating bean with name 'sender' defined in class path resource [spring-context.xml]: Initialization of bean failed; nested exception is org.springframework.beans.ConversionNotSupportedException: Failed to convert property value of type [com.wuliangit.shopos.core.cache.SpringCacheManager] to required type [org.apache.shiro.cache.Cache] for property 'cache'; nested exception is java.lang.IllegalStateException: Cannot convert value of type [com.wuliangit.shopos.core.cache.SpringCacheManager] to required type [org.apache.shiro.cache.Cache] for property 'cache': no matching editors or conversion strategy found; nested exception is org.springframework.beans.factory.BeanCreationException: Error creating bean with name 'sender' defined in class path resource [spring-context.xml]: Initialization of bean failed; nested exception is org.springframework.beans.ConversionNotSupportedException: Failed to convert property value of type [com.wuliangit.shopos.core.cache.SpringCacheManager] to required type [org.apache.shiro.cache.Cache] for property 'cache'; nested exception is java.lang.IllegalStateException: Cannot convert value of type [com.wuliangit.shopos.core.cache.SpringCacheManager] to required type [org.apache.shiro.cache.Cache] for property 'cache': no matching editors or conversion strategy found
	at org.springframework.beans.factory.annotation.AutowiredAnnotationBeanPostProcessor$AutowiredFieldElement.inject(AutowiredAnnotationBeanPostProcessor.java:569)
	at org.springframework.beans.factory.annotation.InjectionMetadata.inject(InjectionMetadata.java:88)
	at org.springframework.beans.factory.annotation.AutowiredAnnotationBeanPostProcessor.postProcessPropertyValues(AutowiredAnnotationBeanPostProcessor.java:349)
	at org.springframework.beans.factory.support.AbstractAutowireCapableBeanFactory.populateBean(AbstractAutowireCapableBeanFactory.java:1214)
	at org.springframework.beans.factory.support.AbstractAutowireCapableBeanFactory.doCreateBean(AbstractAutowireCapableBeanFactory.java:543)
	at org.springframework.beans.factory.support.AbstractAutowireCapableBeanFactory.createBean(AbstractAutowireCapableBeanFactory.java:482)
	at org.springframework.beans.factory.support.AbstractBeanFactory$1.getObject(AbstractBeanFactory.java:306)
	at org.springframework.beans.factory.support.DefaultSingletonBeanRegistry.getSingleton(DefaultSingletonBeanRegistry.java:230)
	at org.springframework.beans.factory.support.AbstractBeanFactory.doGetBean(AbstractBeanFactory.java:302)
	at org.springframework.beans.factory.support.AbstractBeanFactory.getBean(AbstractBeanFactory.java:197)
	at org.springframework.beans.factory.support.DefaultListableBeanFactory.preInstantiateSingletons(DefaultListableBeanFactory.java:776)
	at org.springframework.context.support.AbstractApplicationContext.finishBeanFactoryInitialization(AbstractApplicationContext.java:861)
	at org.springframework.context.support.AbstractApplicationContext.refresh(AbstractApplicationContext.java:541)
	at org.springframework.test.context.support.AbstractGenericContextLoader.loadContext(AbstractGenericContextLoader.java:128)
	at org.springframework.test.context.support.AbstractGenericContextLoader.loadContext(AbstractGenericContextLoader.java:60)
	at org.springframework.test.context.support.AbstractDelegatingSmartContextLoader.delegateLoading(AbstractDelegatingSmartContextLoader.java:108)
	at org.springframework.test.context.support.AbstractDelegatingSmartContextLoader.loadContext(AbstractDelegatingSmartContextLoader.java:251)
	at org.springframework.test.context.cache.DefaultCacheAwareContextLoaderDelegate.loadContextInternal(DefaultCacheAwareContextLoaderDelegate.java:98)
	at org.springframework.test.context.cache.DefaultCacheAwareContextLoaderDelegate.loadContext(DefaultCacheAwareContextLoaderDelegate.java:116)
	... 24 more
Caused by: org.springframework.beans.factory.BeanCreationException: Error creating bean with name 'sender' defined in class path resource [spring-context.xml]: Initialization of bean failed; nested exception is org.springframework.beans.ConversionNotSupportedException: Failed to convert property value of type [com.wuliangit.shopos.core.cache.SpringCacheManager] to required type [org.apache.shiro.cache.Cache] for property 'cache'; nested exception is java.lang.IllegalStateException: Cannot convert value of type [com.wuliangit.shopos.core.cache.SpringCacheManager] to required type [org.apache.shiro.cache.Cache] for property 'cache': no matching editors or conversion strategy found
	at org.springframework.beans.factory.support.AbstractAutowireCapableBeanFactory.doCreateBean(AbstractAutowireCapableBeanFactory.java:553)
	at org.springframework.beans.factory.support.AbstractAutowireCapableBeanFactory.createBean(AbstractAutowireCapableBeanFactory.java:482)
	at org.springframework.beans.factory.support.AbstractBeanFactory$1.getObject(AbstractBeanFactory.java:306)
	at org.springframework.beans.factory.support.DefaultSingletonBeanRegistry.getSingleton(DefaultSingletonBeanRegistry.java:230)
	at org.springframework.beans.factory.support.AbstractBeanFactory.doGetBean(AbstractBeanFactory.java:302)
	at org.springframework.beans.factory.support.AbstractBeanFactory.getBean(AbstractBeanFactory.java:202)
	at org.springframework.beans.factory.config.DependencyDescriptor.resolveCandidate(DependencyDescriptor.java:207)
	at org.springframework.beans.factory.support.DefaultListableBeanFactory.findAutowireCandidates(DefaultListableBeanFactory.java:1214)
	at org.springframework.beans.factory.support.DefaultListableBeanFactory.doResolveDependency(DefaultListableBeanFactory.java:1054)
	at org.springframework.beans.factory.support.DefaultListableBeanFactory.resolveDependency(DefaultListableBeanFactory.java:1019)
	at org.springframework.beans.factory.annotation.AutowiredAnnotationBeanPostProcessor$AutowiredFieldElement.inject(AutowiredAnnotationBeanPostProcessor.java:566)
	... 42 more
Caused by: org.springframework.beans.ConversionNotSupportedException: Failed to convert property value of type [com.wuliangit.shopos.core.cache.SpringCacheManager] to required type [org.apache.shiro.cache.Cache] for property 'cache'; nested exception is java.lang.IllegalStateException: Cannot convert value of type [com.wuliangit.shopos.core.cache.SpringCacheManager] to required type [org.apache.shiro.cache.Cache] for property 'cache': no matching editors or conversion strategy found
	at org.springframework.beans.AbstractNestablePropertyAccessor.convertIfNecessary(AbstractNestablePropertyAccessor.java:591)
	at org.springframework.beans.AbstractNestablePropertyAccessor.convertForProperty(AbstractNestablePropertyAccessor.java:603)
	at org.springframework.beans.BeanWrapperImpl.convertForProperty(BeanWrapperImpl.java:216)
	at org.springframework.beans.factory.support.AbstractAutowireCapableBeanFactory.convertForProperty(AbstractAutowireCapableBeanFactory.java:1527)
	at org.springframework.beans.factory.support.AbstractAutowireCapableBeanFactory.applyPropertyValues(AbstractAutowireCapableBeanFactory.java:1486)
	at org.springframework.beans.factory.support.AbstractAutowireCapableBeanFactory.populateBean(AbstractAutowireCapableBeanFactory.java:1226)
	at org.springframework.beans.factory.support.AbstractAutowireCapableBeanFactory.doCreateBean(AbstractAutowireCapableBeanFactory.java:543)
	... 52 more
Caused by: java.lang.IllegalStateException: Cannot convert value of type [com.wuliangit.shopos.core.cache.SpringCacheManager] to required type [org.apache.shiro.cache.Cache] for property 'cache': no matching editors or conversion strategy found
	at org.springframework.beans.TypeConverterDelegate.convertIfNecessary(TypeConverterDelegate.java:306)
	at org.springframework.beans.AbstractNestablePropertyAccessor.convertIfNecessary(AbstractNestablePropertyAccessor.java:576)
	... 58 more
2017-03-22 18:16:32,720 - Loaded default TestExecutionListener class names from location [META-INF/spring.factories]: [org.springframework.test.context.web.ServletTestExecutionListener, org.springframework.test.context.support.DirtiesContextBeforeModesTestExecutionListener, org.springframework.test.context.support.DependencyInjectionTestExecutionListener, org.springframework.test.context.support.DirtiesContextTestExecutionListener, org.springframework.test.context.transaction.TransactionalTestExecutionListener, org.springframework.test.context.jdbc.SqlScriptsTestExecutionListener]
 2017-03-22 18:16:32,775 - Using TestExecutionListeners: [org.springframework.test.context.web.ServletTestExecutionListener@210366b4, org.springframework.test.context.support.DirtiesContextBeforeModesTestExecutionListener@eec5a4a, org.springframework.test.context.support.DependencyInjectionTestExecutionListener@2b2948e2, org.springframework.test.context.support.DirtiesContextTestExecutionListener@6ddf90b0, org.springframework.test.context.transaction.TransactionalTestExecutionListener@57536d79, org.springframework.test.context.jdbc.SqlScriptsTestExecutionListener@3b0143d3]
 2017-03-22 18:16:33,047 - Loading XML bean definitions from class path resource [spring-context.xml]
 2017-03-22 18:16:33,859 - Refreshing org.springframework.context.support.GenericApplicationContext@59e5ddf: startup date [Wed Mar 22 18:16:33 CST 2017]; root of context hierarchy
 2017-03-22 18:16:34,332 - Loading properties file from class path resource [shopos.properties]
 2017-03-22 18:16:34,368 - Loading properties file from class path resource [shopos.properties]
 2017-03-22 18:16:36,496 - {dataSource-1} inited
 2017-03-22 18:16:37,659 - Initializing EhCache CacheManager
 2017-03-22 18:16:38,161 - Caught exception while allowing TestExecutionListener [org.springframework.test.context.support.DependencyInjectionTestExecutionListener@2b2948e2] to prepare test instance [com.wuliangit.shopos.service.MemberServiceTest@3a393455]
 org.springframework.beans.factory.BeanCreationException: Error creating bean with name 'com.wuliangit.shopos.service.MemberServiceTest': Injection of autowired dependencies failed; nested exception is java.lang.IllegalArgumentException: Could not resolve placeholder 'aaa' in string value "${aaa}"
	at org.springframework.beans.factory.annotation.AutowiredAnnotationBeanPostProcessor.postProcessPropertyValues(AutowiredAnnotationBeanPostProcessor.java:355)
	at org.springframework.beans.factory.support.AbstractAutowireCapableBeanFactory.populateBean(AbstractAutowireCapableBeanFactory.java:1214)
	at org.springframework.beans.factory.support.AbstractAutowireCapableBeanFactory.autowireBeanProperties(AbstractAutowireCapableBeanFactory.java:385)
	at org.springframework.test.context.support.DependencyInjectionTestExecutionListener.injectDependencies(DependencyInjectionTestExecutionListener.java:118)
	at org.springframework.test.context.support.DependencyInjectionTestExecutionListener.prepareTestInstance(DependencyInjectionTestExecutionListener.java:83)
	at org.springframework.test.context.TestContextManager.prepareTestInstance(TestContextManager.java:230)
	at org.springframework.test.context.junit4.SpringJUnit4ClassRunner.createTest(SpringJUnit4ClassRunner.java:228)
	at org.springframework.test.context.junit4.SpringJUnit4ClassRunner$1.runReflectiveCall(SpringJUnit4ClassRunner.java:287)
	at org.junit.internal.runners.model.ReflectiveCallable.run(ReflectiveCallable.java:12)
	at org.springframework.test.context.junit4.SpringJUnit4ClassRunner.methodBlock(SpringJUnit4ClassRunner.java:289)
	at org.springframework.test.context.junit4.SpringJUnit4ClassRunner.runChild(SpringJUnit4ClassRunner.java:247)
	at org.springframework.test.context.junit4.SpringJUnit4ClassRunner.runChild(SpringJUnit4ClassRunner.java:94)
	at org.junit.runners.ParentRunner$3.run(ParentRunner.java:290)
	at org.junit.runners.ParentRunner$1.schedule(ParentRunner.java:71)
	at org.junit.runners.ParentRunner.runChildren(ParentRunner.java:288)
	at org.junit.runners.ParentRunner.access$000(ParentRunner.java:58)
	at org.junit.runners.ParentRunner$2.evaluate(ParentRunner.java:268)
	at org.springframework.test.context.junit4.statements.RunBeforeTestClassCallbacks.evaluate(RunBeforeTestClassCallbacks.java:61)
	at org.springframework.test.context.junit4.statements.RunAfterTestClassCallbacks.evaluate(RunAfterTestClassCallbacks.java:70)
	at org.junit.runners.ParentRunner.run(ParentRunner.java:363)
	at org.springframework.test.context.junit4.SpringJUnit4ClassRunner.run(SpringJUnit4ClassRunner.java:191)
	at org.junit.runner.JUnitCore.run(JUnitCore.java:137)
	at com.intellij.junit4.JUnit4IdeaTestRunner.startRunnerWithArgs(JUnit4IdeaTestRunner.java:68)
	at com.intellij.rt.execution.junit.IdeaTestRunner$Repeater.startRunnerWithArgs(IdeaTestRunner.java:51)
	at com.intellij.rt.execution.junit.JUnitStarter.prepareStreamsAndStart(JUnitStarter.java:237)
	at com.intellij.rt.execution.junit.JUnitStarter.main(JUnitStarter.java:70)
	at sun.reflect.NativeMethodAccessorImpl.invoke0(Native Method)
	at sun.reflect.NativeMethodAccessorImpl.invoke(NativeMethodAccessorImpl.java:62)
	at sun.reflect.DelegatingMethodAccessorImpl.invoke(DelegatingMethodAccessorImpl.java:43)
	at java.lang.reflect.Method.invoke(Method.java:498)
	at com.intellij.rt.execution.application.AppMain.main(AppMain.java:147)
Caused by: java.lang.IllegalArgumentException: Could not resolve placeholder 'aaa' in string value "${aaa}"
	at org.springframework.util.PropertyPlaceholderHelper.parseStringValue(PropertyPlaceholderHelper.java:174)
	at org.springframework.util.PropertyPlaceholderHelper.replacePlaceholders(PropertyPlaceholderHelper.java:126)
	at org.springframework.core.env.AbstractPropertyResolver.doResolvePlaceholders(AbstractPropertyResolver.java:219)
	at org.springframework.core.env.AbstractPropertyResolver.resolveRequiredPlaceholders(AbstractPropertyResolver.java:193)
	at org.springframework.context.support.PropertySourcesPlaceholderConfigurer$2.resolveStringValue(PropertySourcesPlaceholderConfigurer.java:172)
	at org.springframework.beans.factory.support.AbstractBeanFactory.resolveEmbeddedValue(AbstractBeanFactory.java:813)
	at org.springframework.beans.factory.support.DefaultListableBeanFactory.doResolveDependency(DefaultListableBeanFactory.java:1039)
	at org.springframework.beans.factory.support.DefaultListableBeanFactory.resolveDependency(DefaultListableBeanFactory.java:1019)
	at org.springframework.beans.factory.annotation.AutowiredAnnotationBeanPostProcessor$AutowiredFieldElement.inject(AutowiredAnnotationBeanPostProcessor.java:566)
	at org.springframework.beans.factory.annotation.InjectionMetadata.inject(InjectionMetadata.java:88)
	at org.springframework.beans.factory.annotation.AutowiredAnnotationBeanPostProcessor.postProcessPropertyValues(AutowiredAnnotationBeanPostProcessor.java:349)
	... 30 more
2017-03-22 18:16:38,185 - Closing org.springframework.context.support.GenericApplicationContext@59e5ddf: startup date [Wed Mar 22 18:16:33 CST 2017]; root of context hierarchy
 2017-03-22 18:16:38,191 - Shutting down EhCache CacheManager
 2017-03-22 18:16:38,213 - {dataSource-1} closed
 2017-03-22 18:16:52,642 - Loaded default TestExecutionListener class names from location [META-INF/spring.factories]: [org.springframework.test.context.web.ServletTestExecutionListener, org.springframework.test.context.support.DirtiesContextBeforeModesTestExecutionListener, org.springframework.test.context.support.DependencyInjectionTestExecutionListener, org.springframework.test.context.support.DirtiesContextTestExecutionListener, org.springframework.test.context.transaction.TransactionalTestExecutionListener, org.springframework.test.context.jdbc.SqlScriptsTestExecutionListener]
 2017-03-22 18:16:52,660 - Using TestExecutionListeners: [org.springframework.test.context.web.ServletTestExecutionListener@6c3708b3, org.springframework.test.context.support.DirtiesContextBeforeModesTestExecutionListener@6f1fba17, org.springframework.test.context.support.DependencyInjectionTestExecutionListener@185d8b6, org.springframework.test.context.support.DirtiesContextTestExecutionListener@67784306, org.springframework.test.context.transaction.TransactionalTestExecutionListener@335eadca, org.springframework.test.context.jdbc.SqlScriptsTestExecutionListener@210366b4]
 2017-03-22 18:16:52,836 - Loading XML bean definitions from class path resource [spring-context.xml]
 2017-03-22 18:16:53,662 - Refreshing org.springframework.context.support.GenericApplicationContext@33f88ab: startup date [Wed Mar 22 18:16:53 CST 2017]; root of context hierarchy
 2017-03-22 18:16:54,024 - Loading properties file from class path resource [shopos.properties]
 2017-03-22 18:16:54,040 - Loading properties file from class path resource [shopos.properties]
 2017-03-22 18:16:56,025 - {dataSource-1} inited
 2017-03-22 18:16:57,117 - Initializing EhCache CacheManager
 2017-03-22 18:16:57,784 - Wed Mar 22 18:16:57 CST 2017 sendTemplateSMS url = https://app.cloopen.com:8883/2013-12-26/Accounts/8a48b5514e0b153e014e166eacd305cb/SMS/TemplateSMS?sig=169CB767D2EB43089F0716CA2DE7B580
 2017-03-22 18:16:57,838 - Wed Mar 22 18:16:57 CST 2017 sendTemplateSMS Request body =  {"appId":"8aaf07085af030ee015af165b8c3008c","to":"18066265836","templateId":"1","datas":["22","222"]}
 2017-03-22 18:16:58,594 - Wed Mar 22 18:16:58 CST 2017 sendTemplateSMS response body = {"statusCode":"000000","templateSMS":{"smsMessageSid":"43aa333fda31439db1db6617a1a90020","dateCreated":"20170322181658"}}
 2017-03-22 18:16:58,601 - Closing org.springframework.context.support.GenericApplicationContext@33f88ab: startup date [Wed Mar 22 18:16:53 CST 2017]; root of context hierarchy
 2017-03-22 18:16:58,603 - Shutting down EhCache CacheManager
 2017-03-22 18:16:58,623 - {dataSource-1} closed
 2017-03-22 18:32:34,861 - Loaded default TestExecutionListener class names from location [META-INF/spring.factories]: [org.springframework.test.context.web.ServletTestExecutionListener, org.springframework.test.context.support.DirtiesContextBeforeModesTestExecutionListener, org.springframework.test.context.support.DependencyInjectionTestExecutionListener, org.springframework.test.context.support.DirtiesContextTestExecutionListener, org.springframework.test.context.transaction.TransactionalTestExecutionListener, org.springframework.test.context.jdbc.SqlScriptsTestExecutionListener]
 2017-03-22 18:32:34,890 - Using TestExecutionListeners: [org.springframework.test.context.web.ServletTestExecutionListener@6c3708b3, org.springframework.test.context.support.DirtiesContextBeforeModesTestExecutionListener@6f1fba17, org.springframework.test.context.support.DependencyInjectionTestExecutionListener@185d8b6, org.springframework.test.context.support.DirtiesContextTestExecutionListener@67784306, org.springframework.test.context.transaction.TransactionalTestExecutionListener@335eadca, org.springframework.test.context.jdbc.SqlScriptsTestExecutionListener@210366b4]
 2017-03-22 18:32:35,128 - Loading XML bean definitions from class path resource [spring-context.xml]
 2017-03-22 18:32:36,146 - Refreshing org.springframework.context.support.GenericApplicationContext@33f88ab: startup date [Wed Mar 22 18:32:36 CST 2017]; root of context hierarchy
 2017-03-22 18:32:36,735 - Loading properties file from class path resource [shopos.properties]
 2017-03-22 18:32:36,766 - Loading properties file from class path resource [shopos.properties]
 2017-03-22 18:32:39,322 - {dataSource-1} inited
 2017-03-22 18:32:40,798 - Initializing EhCache CacheManager
 2017-03-22 18:32:41,675 - Wed Mar 22 18:32:41 CST 2017 sendTemplateSMS url = https://app.cloopen.com:8883/2013-12-26/Accounts/8a48b5514e0b153e014e166eacd305cb/SMS/TemplateSMS?sig=564BCB8714B4436F9D7D89C0061EA40B
 2017-03-22 18:32:41,739 - Wed Mar 22 18:32:41 CST 2017 sendTemplateSMS Request body =  {"appId":"8aaf07085af030ee015af165b8c3008c","to":"18066265836","templateId":"1","datas":["22","222"]}
 2017-03-22 18:32:42,371 - Wed Mar 22 18:32:42 CST 2017 sendTemplateSMS response body = {"statusCode":"000000","templateSMS":{"smsMessageSid":"1dfe200a3afe45de98786c6f77e3301c","dateCreated":"20170322183242"}}
 2017-03-22 18:32:42,373 - Closing org.springframework.context.support.GenericApplicationContext@33f88ab: startup date [Wed Mar 22 18:32:36 CST 2017]; root of context hierarchy
 2017-03-22 18:32:42,376 - Shutting down EhCache CacheManager
 2017-03-22 18:32:42,403 - {dataSource-1} closed
 